\BOOKMARK [0][-]{chapter.1}{Background \046 Objectives}{}% 1
\BOOKMARK [1][-]{section.1.1}{Background}{chapter.1}% 2
\BOOKMARK [2][-]{subsection.1.1.1}{Web Hosting \046 Containers}{section.1.1}% 3
\BOOKMARK [2][-]{subsection.1.1.2}{Coding Languages}{section.1.1}% 4
\BOOKMARK [2][-]{subsection.1.1.3}{Database}{section.1.1}% 5
\BOOKMARK [2][-]{subsection.1.1.4}{Website Frameworks}{section.1.1}% 6
\BOOKMARK [2][-]{subsection.1.1.5}{Discord bot}{section.1.1}% 7
\BOOKMARK [1][-]{section.1.2}{Analysis}{chapter.1}% 8
\BOOKMARK [1][-]{section.1.3}{Process}{chapter.1}% 9
\BOOKMARK [0][-]{chapter.2}{Design}{}% 10
\BOOKMARK [1][-]{section.2.1}{Overall Architecture}{chapter.2}% 11
\BOOKMARK [1][-]{section.2.2}{Some detailed design}{chapter.2}% 12
\BOOKMARK [2][-]{subsection.2.2.1}{Even more detail}{section.2.2}% 13
\BOOKMARK [1][-]{section.2.3}{User Interface}{chapter.2}% 14
\BOOKMARK [1][-]{section.2.4}{Other relevant sections}{chapter.2}% 15
\BOOKMARK [0][-]{chapter.3}{Implementation}{}% 16
\BOOKMARK [0][-]{chapter.4}{Testing}{}% 17
\BOOKMARK [1][-]{section.4.1}{Overall Approach to Testing}{chapter.4}% 18
\BOOKMARK [1][-]{section.4.2}{Automated Testing}{chapter.4}% 19
\BOOKMARK [2][-]{subsection.4.2.1}{Unit Tests}{section.4.2}% 20
\BOOKMARK [2][-]{subsection.4.2.2}{User Interface Testing}{section.4.2}% 21
\BOOKMARK [2][-]{subsection.4.2.3}{Stress Testing}{section.4.2}% 22
\BOOKMARK [2][-]{subsection.4.2.4}{Other types of testing}{section.4.2}% 23
\BOOKMARK [1][-]{section.4.3}{Integration Testing}{chapter.4}% 24
\BOOKMARK [1][-]{section.4.4}{User Testing}{chapter.4}% 25
\BOOKMARK [0][-]{chapter.5}{Evaluation}{}% 26
\BOOKMARK [0][-]{chapter.5}{Annotated Bibliography}{}% 27
\BOOKMARK [0][-]{chapter*.8}{Appendices}{}% 28
\BOOKMARK [0][-]{appendix.A}{Third-Party Code and Libraries}{}% 29
\BOOKMARK [0][-]{appendix.B}{Ethics Submission}{}% 30
\BOOKMARK [0][-]{appendix.C}{Code Examples}{}% 31
\BOOKMARK [1][-]{section.C.1}{Random Number Generator}{appendix.C}% 32
